
> bookish-frontend@1.0.0 build
> vite build

[36mvite v8.0.3 [32mbuilding client environment for production...[36m[39m
[2K
transforming...Ô£ô 349 modules transformed.
rendering chunks...
computing gzip size...
dist/index.html                   0.84 kB Ôöé gzip:   0.47 kB
dist/assets/index-ANUXaveY.css   42.49 kB Ôöé gzip:   6.72 kB
dist/assets/index-Cn6STYmx.js   372.41 kB Ôöé gzip: 107.35 kB

node.exe : [31mÔ£ù[39m Build failed in 335ms
En línea: 1 Carácter: 1
+ & "C:\Program Files\nodejs/node.exe" "C:\Program Files\nodejs/node_mo ...
+ ~~~~~~~~~~~~~~~~~~~~~~~~~~~~~~~~~~~~~~~~~~~~~~~~~~~~~~~~~~~~~~~~~~~~~
    + CategoryInfo          : NotSpecified: ([31mÔ£ù[39m Build failed in 335ms:String) [], RemoteException
    + FullyQualifiedErrorId : NativeCommandError
 
[31merror during build:
[31mBuild failed with 1 error:

Error: [vite]: Rolldown failed to resolve import "prop-types" from "D:/CJL_temporal/_Apps/Bookish/Bookish_v1-0/frontend/src/components/TarjetaLibro.jsx".
This is most likely unintended because it can break your application at runtime.
If you do want to externalize this module explicitly add it to
`build.rollupOptions.external`
    at viteLog (file:///D:/CJL_temporal/_Apps/Bookish/Bookish_v1-0/frontend/node_modules/vite/dist/node/chunks/node.js:32942:57)
    at file:///D:/CJL_temporal/_Apps/Bookish/Bookish_v1-0/frontend/node_modules/vite/dist/node/chunks/node.js:32978:71
    at onwarn (file:///D:/CJL_temporal/_Apps/Bookish/Bookish_v1-0/frontend/node_modules/@vitejs/plugin-react/dist/index.js:40:7)
    at file:///D:/CJL_temporal/_Apps/Bookish/Bookish_v1-0/frontend/node_modules/vite/dist/node/chunks/node.js:32978:28
    at onRollupLog (file:///D:/CJL_temporal/_Apps/Bookish/Bookish_v1-0/frontend/node_modules/vite/dist/node/chunks/node.js:32973:63)
    at onLog (file:///D:/CJL_temporal/_Apps/Bookish/Bookish_v1-0/frontend/node_modules/vite/dist/node/chunks/node.js:32743:4)
    at file:///D:/CJL_temporal/_Apps/Bookish/Bookish_v1-0/frontend/node_modules/rolldown/dist/shared/rolldown-build-CPrIX9V6.mjs:49:26
    at logger (file:///D:/CJL_temporal/_Apps/Bookish/Bookish_v1-0/frontend/node_modules/rolldown/dist/shared/rolldown-build-CPrIX9V6.mjs:40:3)
    at onLog (file:///D:/CJL_temporal/_Apps/Bookish/Bookish_v1-0/frontend/node_modules/rolldown/dist/shared/bindingify-input-options-e7ze4hPR.mjs:1972:32)[31m
    at aggregateBindingErrorsIntoJsError (file:///D:/CJL_temporal/_Apps/Bookish/Bookish_v1-0/frontend/node_modules/rolldown/dist/shared/error-BLhcSyeg.mjs:48:18)
    at unwrapBindingResult (file:///D:/CJL_temporal/_Apps/Bookish/Bookish_v1-0/frontend/node_modules/rolldown/dist/shared/error-BLhcSyeg.mjs:18:128)
    at #build (file:///D:/CJL_temporal/_Apps/Bookish/Bookish_v1-0/frontend/node_modules/rolldown/dist/shared/rolldown-build-CPrIX9V6.mjs:3313:34)
    at async buildEnvironment (file:///D:/CJL_temporal/_Apps/Bookish/Bookish_v1-0/frontend/node_modules/vite/dist/node/chunks/node.js:32849:64)
    at async Object.build (file:///D:/CJL_temporal/_Apps/Bookish/Bookish_v1-0/frontend/node_modules/vite/dist/node/chunks/node.js:33271:19)
    at async Object.buildApp (file:///D:/CJL_temporal/_Apps/Bookish/Bookish_v1-0/frontend/node_modules/vite/dist/node/chunks/node.js:33268:153)
    at async CAC.<anonymous> (file:///D:/CJL_temporal/_Apps/Bookish/Bookish_v1-0/frontend/node_modules/vite/dist/node/cli.js:778:3) {
  errors: [Getter/Setter]
}[39m
